2024-01-03T16:36:18+00:00 DEBUG POST: https://business-api.tiktok.com/tbp/v2.0/business_profile/disconnect?external_data=

{"business_platform":"WOO_COMMERCE","external_business_id":"tt4b_woocommerce_657414cd60b09"}
 ajax: no
2024-01-03T16:36:19+00:00 DEBUG Tt4b_Mapi_Class::tbp_post: Response: 

HTTP/1.1 200 OK
Content-Type: application/json; charset=utf-8
Content-Length: 95
X-Api-Deprecation-Info: API for Business Version 1.3 is now live. To avoid disruption to your business, we recommend you migrate all calls to v1.3 as soon as possible. Please visit our migration guide for more details: https://ads.tiktok.com/marketing_api/docs?id=1740029169927169
X-Domain-Change-Info: We have moved to the new domain business-api.tiktok.com for API services after the Platform Upgrade on 09/30/2021. Please update all of your requests with the new domain if you haven't done so already. For more information, please visit https://ads.tiktok.com/marketing_api/docs?rid=esb88xalm6m&id=1709207085043713
X-Tt-Logid: 2024010316361376B483D879A92E65E762
x-tt-trace-host: 01385784b80e377320811234264c0529f659ed61c8da838001ef81567bf23581e858538fde6d6c1a4d9aaa63a397a150cc21f269c45d580a91753c873fcfdc8d296263ba4da4d0eef7ecc7a2465b218337e5c2bcde6488547e7b9f8dd9cb272b71735bec3dde1e1f0d36e9cdd723aa32ce
x-tt-trace-id: 00-24010316361376B483D879A92E65E762-5A894C4809756787-00
Server: TLB
X-Origin-Response-Time: 15,23.47.190.68
X-Akamai-Request-ID: 99d2964.443414fe
Expires: Wed, 03 Jan 2024 16:36:14 GMT
Cache-Control: max-age=0, no-cache, no-store
Pragma: no-cache
Date: Wed, 03 Jan 2024 16:36:14 GMT
X-Cache: TCP_MISS from a23-33-91-35.deploy.akamaitechnologies.com (AkamaiGHost/11.3.3-52668873) (-)
Connection: close
X-Cache-Remote: TCP_MISS from a23-47-190-68.deploy.akamaitechnologies.com (AkamaiGHost/11.3.3-52668873) (-)
x-tt-trace-tag: id=16;cdn-cache=miss;type=dyn
Server-Timing: cdn-cache; desc=MISS, edge; dur=35, origin; dur=15
Server-Timing: inner; dur=11
X-Parent-Response-Time: 47,23.33.91.35

{"code":40001,"message":"Permission denied.","request_id":"2024010316361376B483D879A92E65E762"}

2024-01-03T16:36:19+00:00 DEBUG POST: https://business-api.tiktok.com/tbp/v2.0/shop/connection/disconnect?external_data=

--- EMPTY STRING ---
 ajax: no
2024-01-03T16:36:19+00:00 DEBUG Tt4b_Mapi_Class::tts_shop_disconnect: Response: 

HTTP/1.1 200 OK
Content-Type: application/json; charset=utf-8
Content-Length: 95
X-Api-Deprecation-Info: API for Business Version 1.3 is now live. To avoid disruption to your business, we recommend you migrate all calls to v1.3 as soon as possible. Please visit our migration guide for more details: https://ads.tiktok.com/marketing_api/docs?id=1740029169927169
X-Domain-Change-Info: We have moved to the new domain business-api.tiktok.com for API services after the Platform Upgrade on 09/30/2021. Please update all of your requests with the new domain if you haven't done so already. For more information, please visit https://ads.tiktok.com/marketing_api/docs?rid=esb88xalm6m&id=1709207085043713
X-Tt-Logid: 2024010316361376B483D879A92E65E768
x-tt-trace-host: 01385784b80e377320811234264c0529f659ed61c8da838001ef81567bf23581e858538fde6d6c1a4d9aaa63a397a150cc21f269c45d580a91753c873fcfdc8d296263ba4da4d0eef7ecc7a2465b218337fba76c5109e503447a8d182d5f72336528381391ac685b9f6c939d3cdfcfb0e3
x-tt-trace-id: 00-24010316361376B483D879A92E65E768-5A894C480975679F-00
Server: TLB
X-Origin-Response-Time: 13,23.47.190.68
X-Akamai-Request-ID: 9a126e7.443415ed
Expires: Wed, 03 Jan 2024 16:36:14 GMT
Cache-Control: max-age=0, no-cache, no-store
Pragma: no-cache
Date: Wed, 03 Jan 2024 16:36:14 GMT
X-Cache: TCP_MISS from a23-33-91-35.deploy.akamaitechnologies.com (AkamaiGHost/11.3.3-52668873) (-)
Connection: close
X-Cache-Remote: TCP_MISS from a23-47-190-68.deploy.akamaitechnologies.com (AkamaiGHost/11.3.3-52668873) (-)
x-tt-trace-tag: id=16;cdn-cache=miss;type=dyn
Server-Timing: cdn-cache; desc=MISS, edge; dur=35, origin; dur=13
Server-Timing: inner; dur=9
X-Parent-Response-Time: 45,23.33.91.35

{"code":40001,"message":"Permission denied.","request_id":"2024010316361376B483D879A92E65E768"}

